#
# There is insufficient memory for the Java Runtime Environment to continue.
# Native memory allocation (malloc) failed to allocate 317456 bytes for Chunk::new
# Possible reasons:
#   The system is out of physical RAM or swap space
#   In 32 bit mode, the process size limit was hit
# Possible solutions:
#   Reduce memory load on the system
#   Increase physical memory or swap space
#   Check if swap backing store is full
#   Use 64 bit Java on a 64 bit OS
#   Decrease Java heap size (-Xmx/-Xms)
#   Decrease number of Java threads
#   Decrease Java thread stack sizes (-Xss)
#   Set larger code cache with -XX:ReservedCodeCacheSize=
# This output file may be truncated or incomplete.
#
#  Out of Memory Error (allocation.cpp:390), pid=9492, tid=364
#
# JRE version: Java(TM) SE Runtime Environment (8.0_45-b14) (build 1.8.0_45-b14)
# Java VM: Java HotSpot(TM) 64-Bit Server VM (25.45-b02 mixed mode windows-amd64 compressed oops)
# Failed to write core dump. Minidumps are not enabled by default on client versions of Windows
#

---------------  T H R E A D  ---------------

Current thread (0x00000000151cb000):  JavaThread "C2 CompilerThread1" daemon [_thread_in_native, id=364, stack(0x00000000167f0000,0x00000000168f0000)]

Stack: [0x00000000167f0000,0x00000000168f0000]
Native frames: (J=compiled Java code, j=interpreted, Vv=VM code, C=native code)
V  [jvm.dll+0x32b57a]
V  [jvm.dll+0x279873]
V  [jvm.dll+0x27a509]
V  [jvm.dll+0x271825]
V  [jvm.dll+0xcb9e2]
V  [jvm.dll+0xcbeac]
V  [jvm.dll+0x49298c]
V  [jvm.dll+0x45f41a]
V  [jvm.dll+0x46a73b]
V  [jvm.dll+0x46cd52]
V  [jvm.dll+0x4500f2]
V  [jvm.dll+0xa4352]
V  [jvm.dll+0xa4c8f]
V  [jvm.dll+0x241984]
V  [jvm.dll+0x29853a]
C  [msvcr100.dll+0x21d9f]
C  [msvcr100.dll+0x21e3b]
C  [KERNEL32.DLL+0x8364]
C  [ntdll.dll+0x65e91]


Current CompileTask:
C2:  26395 1941       4       com.android.dx.ssa.SsaConverter::placePhiFunctions (394 bytes)


---------------  P R O C E S S  ---------------

Java Threads: ( => current thread )
  0x0000000016c51800 JavaThread "pool-1-thread-4" [_thread_in_Java, id=8056, stack(0x00000000173f0000,0x00000000174f0000)]
  0x0000000016c51000 JavaThread "pool-1-thread-3" [_thread_in_Java, id=8816, stack(0x00000000172f0000,0x00000000173f0000)]
  0x0000000016c4d000 JavaThread "pool-1-thread-2" [_thread_in_vm, id=9520, stack(0x00000000171f0000,0x00000000172f0000)]
  0x0000000016c49000 JavaThread "pool-2-thread-1" [_thread_blocked, id=10680, stack(0x00000000170f0000,0x00000000171f0000)]
  0x0000000016c48800 JavaThread "pool-1-thread-1" [_thread_in_Java, id=5072, stack(0x0000000016ff0000,0x00000000170f0000)]
  0x0000000016a0c800 JavaThread "Service Thread" daemon [_thread_blocked, id=9264, stack(0x0000000016df0000,0x0000000016ef0000)]
  0x00000000151f3800 JavaThread "C1 CompilerThread2" daemon [_thread_blocked, id=8352, stack(0x00000000168f0000,0x00000000169f0000)]
=>0x00000000151cb000 JavaThread "C2 CompilerThread1" daemon [_thread_in_native, id=364, stack(0x00000000167f0000,0x00000000168f0000)]
  0x00000000151a7800 JavaThread "C2 CompilerThread0" daemon [_thread_in_native, id=8156, stack(0x00000000166f0000,0x00000000167f0000)]
  0x00000000151a6000 JavaThread "Attach Listener" daemon [_thread_blocked, id=1036, stack(0x00000000165f0000,0x00000000166f0000)]
  0x00000000151a4800 JavaThread "Signal Dispatcher" daemon [_thread_blocked, id=2788, stack(0x00000000164f0000,0x00000000165f0000)]
  0x0000000002ac0800 JavaThread "Finalizer" daemon [_thread_blocked, id=7232, stack(0x00000000163f0000,0x00000000164f0000)]
  0x0000000002abd000 JavaThread "Reference Handler" daemon [_thread_blocked, id=11064, stack(0x00000000162f0000,0x00000000163f0000)]
  0x00000000029bd800 JavaThread "main" [_thread_in_Java, id=7924, stack(0x00000000028a0000,0x00000000029a0000)]

Other Threads:
  0x0000000015167800 VMThread [stack: 0x00000000161f0000,0x00000000162f0000] [id=6104]
  0x0000000016a0f800 WatcherThread [stack: 0x0000000016ef0000,0x0000000016ff0000] [id=328]

VM state:not at safepoint (normal execution)

VM Mutex/Monitor currently owned by a thread: None

Heap:
 PSYoungGen      total 68096K, used 37769K [0x00000000eab00000, 0x00000000f4600000, 0x0000000100000000)
  eden space 65536K, 53% used [0x00000000eab00000,0x00000000ecd67840,0x00000000eeb00000)
  from space 2560K, 99% used [0x00000000eeb00000,0x00000000eed7ae88,0x00000000eed80000)
  to   space 13824K, 0% used [0x00000000f3880000,0x00000000f3880000,0x00000000f4600000)
 ParOldGen       total 44032K, used 23481K [0x00000000c0000000, 0x00000000c2b00000, 0x00000000eab00000)
  object space 44032K, 53% used [0x00000000c0000000,0x00000000c16ee430,0x00000000c2b00000)
 Metaspace       used 6341K, capacity 7192K, committed 7424K, reserved 1056768K
  class space    used 614K, capacity 656K, committed 768K, reserved 1048576K

Card table byte_map: [0x0000000011e90000,0x00000000120a0000] byte_map_base: 0x0000000011890000

Marking Bits: (ParMarkBitMap*) 0x0000000077f74040
 Begin Bits: [0x0000000012600000, 0x0000000013600000)
 End Bits:   [0x0000000013600000, 0x0000000014600000)

Polling page: 0x00000000009f0000

CodeCache: size=245760Kb used=9371Kb max_used=9400Kb free=236389Kb
 bounds [0x0000000002ad0000, 0x0000000003410000, 0x0000000011ad0000]
 total_blobs=2170 nmethods=1901 adapters=182
 compilation: enabled

Compilation events (10 events):
Event: 26.110 Thread 0x00000000151f3800 1978       1       com.android.dx.cf.attrib.InnerClassList$Item::getAccessFlags (5 bytes)
Event: 26.110 Thread 0x00000000151f3800 nmethod 1978 0x00000000033cadd0 code [0x00000000033caf20, 0x00000000033cb030]
Event: 26.120 Thread 0x00000000151f3800 1979       2       java.util.concurrent.locks.AbstractQueuedSynchronizer::hasQueuedPredecessors (40 bytes)
Event: 26.120 Thread 0x00000000151f3800 nmethod 1979 0x00000000033caa10 code [0x00000000033cab60, 0x00000000033cad10]
Event: 26.120 Thread 0x00000000151f3800 1980       2       java.util.concurrent.FutureTask::set (36 bytes)
Event: 26.121 Thread 0x00000000151f3800 nmethod 1980 0x00000000033ca550 code [0x00000000033ca6c0, 0x00000000033ca8a8]
Event: 26.122 Thread 0x00000000151f3800 1981       2       java.io.FilterInputStream::available (8 bytes)
Event: 26.122 Thread 0x00000000151f3800 nmethod 1981 0x00000000033b7950 code [0x00000000033b7ac0, 0x00000000033b7c48]
Event: 26.122 Thread 0x00000000151f3800 1982       2       com.android.dx.util.ByteArray$MyInputStream::available (13 bytes)
Event: 26.123 Thread 0x00000000151f3800 nmethod 1982 0x00000000033b7610 code [0x00000000033b7760, 0x00000000033b78b0]

GC Heap History (10 events):
Event: 3.630 GC heap before
{Heap before GC invocations=1 (full 0):
 PSYoungGen      total 18944K, used 16384K [0x00000000eab00000, 0x00000000ec000000, 0x0000000100000000)
  eden space 16384K, 100% used [0x00000000eab00000,0x00000000ebb00000,0x00000000ebb00000)
  from space 2560K, 0% used [0x00000000ebd80000,0x00000000ebd80000,0x00000000ec000000)
  to   space 2560K, 0% used [0x00000000ebb00000,0x00000000ebb00000,0x00000000ebd80000)
 ParOldGen       total 44032K, used 0K [0x00000000c0000000, 0x00000000c2b00000, 0x00000000eab00000)
  object space 44032K, 0% used [0x00000000c0000000,0x00000000c0000000,0x00000000c2b00000)
 Metaspace       used 5469K, capacity 6512K, committed 6784K, reserved 1056768K
  class space    used 587K, capacity 616K, committed 640K, reserved 1048576K
Event: 3.855 GC heap after
Heap after GC invocations=1 (full 0):
 PSYoungGen      total 18944K, used 2553K [0x00000000eab00000, 0x00000000ed000000, 0x0000000100000000)
  eden space 16384K, 0% used [0x00000000eab00000,0x00000000eab00000,0x00000000ebb00000)
  from space 2560K, 99% used [0x00000000ebb00000,0x00000000ebd7e6e8,0x00000000ebd80000)
  to   space 2560K, 0% used [0x00000000ecd80000,0x00000000ecd80000,0x00000000ed000000)
 ParOldGen       total 44032K, used 952K [0x00000000c0000000, 0x00000000c2b00000, 0x00000000eab00000)
  object space 44032K, 2% used [0x00000000c0000000,0x00000000c00ee140,0x00000000c2b00000)
 Metaspace       used 5469K, capacity 6512K, committed 6784K, reserved 1056768K
  class space    used 587K, capacity 616K, committed 640K, reserved 1048576K
}
Event: 6.262 GC heap before
{Heap before GC invocations=2 (full 0):
 PSYoungGen      total 18944K, used 18937K [0x00000000eab00000, 0x00000000ed000000, 0x0000000100000000)
  eden space 16384K, 100% used [0x00000000eab00000,0x00000000ebb00000,0x00000000ebb00000)
  from space 2560K, 99% used [0x00000000ebb00000,0x00000000ebd7e6e8,0x00000000ebd80000)
  to   space 2560K, 0% used [0x00000000ecd80000,0x00000000ecd80000,0x00000000ed000000)
 ParOldGen       total 44032K, used 952K [0x00000000c0000000, 0x00000000c2b00000, 0x00000000eab00000)
  object space 44032K, 2% used [0x00000000c0000000,0x00000000c00ee140,0x00000000c2b00000)
 Metaspace       used 6004K, capacity 6960K, committed 7040K, reserved 1056768K
  class space    used 592K, capacity 616K, committed 640K, reserved 1048576K
Event: 7.060 GC heap after
Heap after GC invocations=2 (full 0):
 PSYoungGen      total 35328K, used 2538K [0x00000000eab00000, 0x00000000ed000000, 0x0000000100000000)
  eden space 32768K, 0% used [0x00000000eab00000,0x00000000eab00000,0x00000000ecb00000)
  from space 2560K, 99% used [0x00000000ecd80000,0x00000000ecffaaa8,0x00000000ed000000)
  to   space 2560K, 0% used [0x00000000ecb00000,0x00000000ecb00000,0x00000000ecd80000)
 ParOldGen       total 44032K, used 2601K [0x00000000c0000000, 0x00000000c2b00000, 0x00000000eab00000)
  object space 44032K, 5% used [0x00000000c0000000,0x00000000c028a4d0,0x00000000c2b00000)
 Metaspace       used 6004K, capacity 6960K, committed 7040K, reserved 1056768K
  class space    used 592K, capacity 616K, committed 640K, reserved 1048576K
}
Event: 12.928 GC heap before
{Heap before GC invocations=3 (full 0):
 PSYoungGen      total 35328K, used 35306K [0x00000000eab00000, 0x00000000ed000000, 0x0000000100000000)
  eden space 32768K, 100% used [0x00000000eab00000,0x00000000ecb00000,0x00000000ecb00000)
  from space 2560K, 99% used [0x00000000ecd80000,0x00000000ecffaaa8,0x00000000ed000000)
  to   space 2560K, 0% used [0x00000000ecb00000,0x00000000ecb00000,0x00000000ecd80000)
 ParOldGen       total 44032K, used 2601K [0x00000000c0000000, 0x00000000c2b00000, 0x00000000eab00000)
  object space 44032K, 5% used [0x00000000c0000000,0x00000000c028a4d0,0x00000000c2b00000)
 Metaspace       used 6169K, capacity 7088K, committed 7296K, reserved 1056768K
  class space    used 593K, capacity 616K, committed 640K, reserved 1048576K
Event: 14.037 GC heap after
Heap after GC invocations=3 (full 0):
 PSYoungGen      total 35328K, used 2534K [0x00000000eab00000, 0x00000000ef000000, 0x0000000100000000)
  eden space 32768K, 0% used [0x00000000eab00000,0x00000000eab00000,0x00000000ecb00000)
  from space 2560K, 99% used [0x00000000ecb00000,0x00000000ecd79aa8,0x00000000ecd80000)
  to   space 2560K, 0% used [0x00000000eed80000,0x00000000eed80000,0x00000000ef000000)
 ParOldGen       total 44032K, used 8348K [0x00000000c0000000, 0x00000000c2b00000, 0x00000000eab00000)
  object space 44032K, 18% used [0x00000000c0000000,0x00000000c08271b0,0x00000000c2b00000)
 Metaspace       used 6169K, capacity 7088K, committed 7296K, reserved 1056768K
  class space    used 593K, capacity 616K, committed 640K, reserved 1048576K
}
Event: 16.907 GC heap before
{Heap before GC invocations=4 (full 0):
 PSYoungGen      total 35328K, used 35302K [0x00000000eab00000, 0x00000000ef000000, 0x0000000100000000)
  eden space 32768K, 100% used [0x00000000eab00000,0x00000000ecb00000,0x00000000ecb00000)
  from space 2560K, 99% used [0x00000000ecb00000,0x00000000ecd79aa8,0x00000000ecd80000)
  to   space 2560K, 0% used [0x00000000eed80000,0x00000000eed80000,0x00000000ef000000)
 ParOldGen       total 44032K, used 8348K [0x00000000c0000000, 0x00000000c2b00000, 0x00000000eab00000)
  object space 44032K, 18% used [0x00000000c0000000,0x00000000c08271b0,0x00000000c2b00000)
 Metaspace       used 6196K, capacity 7088K, committed 7296K, reserved 1056768K
  class space    used 593K, capacity 616K, committed 640K, reserved 1048576K
Event: 17.567 GC heap after
Heap after GC invocations=4 (full 0):
 PSYoungGen      total 68096K, used 2552K [0x00000000eab00000, 0x00000000ef000000, 0x0000000100000000)
  eden space 65536K, 0% used [0x00000000eab00000,0x00000000eab00000,0x00000000eeb00000)
  from space 2560K, 99% used [0x00000000eed80000,0x00000000eeffe3e8,0x00000000ef000000)
  to   space 2560K, 0% used [0x00000000eeb00000,0x00000000eeb00000,0x00000000eed80000)
 ParOldGen       total 44032K, used 13609K [0x00000000c0000000, 0x00000000c2b00000, 0x00000000eab00000)
  object space 44032K, 30% used [0x00000000c0000000,0x00000000c0d4a630,0x00000000c2b00000)
 Metaspace       used 6196K, capacity 7088K, committed 7296K, reserved 1056768K
  class space    used 593K, capacity 616K, committed 640K, reserved 1048576K
}
Event: 25.378 GC heap before
{Heap before GC invocations=5 (full 0):
 PSYoungGen      total 68096K, used 68088K [0x00000000eab00000, 0x00000000ef000000, 0x0000000100000000)
  eden space 65536K, 100% used [0x00000000eab00000,0x00000000eeb00000,0x00000000eeb00000)
  from space 2560K, 99% used [0x00000000eed80000,0x00000000eeffe3e8,0x00000000ef000000)
  to   space 2560K, 0% used [0x00000000eeb00000,0x00000000eeb00000,0x00000000eed80000)
 ParOldGen       total 44032K, used 13609K [0x00000000c0000000, 0x00000000c2b00000, 0x00000000eab00000)
  object space 44032K, 30% used [0x00000000c0000000,0x00000000c0d4a630,0x00000000c2b00000)
 Metaspace       used 6331K, capacity 7192K, committed 7424K, reserved 1056768K
  class space    used 614K, capacity 656K, committed 768K, reserved 1048576K
Event: 25.731 GC heap after
Heap after GC invocations=5 (full 0):
 PSYoungGen      total 68096K, used 2539K [0x00000000eab00000, 0x00000000f4600000, 0x0000000100000000)
  eden space 65536K, 0% used [0x00000000eab00000,0x00000000eab00000,0x00000000eeb00000)
  from space 2560K, 99% used [0x00000000eeb00000,0x00000000eed7ae88,0x00000000eed80000)
  to   space 13824K, 0% used [0x00000000f3880000,0x00000000f3880000,0x00000000f4600000)
 ParOldGen       total 44032K, used 23481K [0x00000000c0000000, 0x00000000c2b00000, 0x00000000eab00000)
  object space 44032K, 53% used [0x00000000c0000000,0x00000000c16ee430,0x00000000c2b00000)
 Metaspace       used 6331K, capacity 7192K, committed 7424K, reserved 1056768K
  class space    used 614K, capacity 656K, committed 768K, reserved 1048576K
}

Deoptimization events (10 events):
Event: 24.719 Thread 0x0000000016c4d000 Uncommon trap: reason=bimorphic action=maybe_recompile pc=0x000000000330b47c method=com.android.dx.cf.code.BytecodeArray.parseInstruction(ILcom/android/dx/cf/code/BytecodeArray$Visitor;)I @ 955
Event: 24.719 Thread 0x0000000016c4d000 Uncommon trap: reason=bimorphic action=maybe_recompile pc=0x000000000330b47c method=com.android.dx.cf.code.BytecodeArray.parseInstruction(ILcom/android/dx/cf/code/BytecodeArray$Visitor;)I @ 955
Event: 24.719 Thread 0x0000000016c4d000 Uncommon trap: reason=class_check action=maybe_recompile pc=0x000000000329f6cc method=com.android.dx.cf.code.Ropper.processBlock(Lcom/android/dx/cf/code/ByteBlock;Lcom/android/dx/cf/code/Frame;[I)V @ 777
Event: 24.760 Thread 0x0000000016c51800 Uncommon trap: reason=unstable_if action=reinterpret pc=0x000000000336e54c method=com.android.dx.ssa.back.FirstFitLocalCombiningAllocator.findNextUnreservedRopReg(IILcom/android/dx/ssa/back/FirstFitLocalCombiningAllocator$Alignment;)I @ 32
Event: 25.312 Thread 0x00000000029bd800 Uncommon trap: reason=unstable_if action=reinterpret pc=0x000000000322c724 method=com.android.dx.ssa.InterferenceRegisterMapper.interferes(III)Z @ 69
Event: 25.316 Thread 0x00000000029bd800 Uncommon trap: reason=unstable_if action=reinterpret pc=0x0000000002f500f8 method=java.util.HashMap.putVal(ILjava/lang/Object;Ljava/lang/Object;ZZ)Ljava/lang/Object; @ 162
Event: 26.038 Thread 0x0000000016c48800 Uncommon trap: reason=unstable_if action=reinterpret pc=0x000000000335d3d0 method=com.android.dx.ssa.LiteralOpUpgrader$1.visitNonMoveInsn(Lcom/android/dx/ssa/NormalSsaInsn;)V @ 176
Event: 26.067 Thread 0x0000000016c48800 Uncommon trap: reason=bimorphic action=maybe_recompile pc=0x0000000003104244 method=com.android.dx.ssa.LiteralOpUpgrader.tryReplacingWithConstant(Lcom/android/dx/ssa/NormalSsaInsn;)Z @ 62
Event: 26.077 Thread 0x0000000016c51800 Uncommon trap: reason=class_check action=maybe_recompile pc=0x0000000003378238 method=com.android.dx.ssa.SCCP.replaceConstants()V @ 182
Event: 26.088 Thread 0x0000000016c51800 Uncommon trap: reason=class_check action=maybe_recompile pc=0x0000000003378238 method=com.android.dx.ssa.SCCP.replaceConstants()V @ 182

Internal exceptions (6 events):
Event: 0.179 Thread 0x00000000029bd800 Exception <a 'java/lang/NoSuchMethodError': Method sun.misc.Unsafe.defineClass(Ljava/lang/String;[BII)Ljava/lang/Class; name or signature does not match> (0x00000000eab0d378) thrown at [C:\re\workspace\8-2-build-windows-amd64-cygwin\jdk8u45\3457\hotspot\srzØœµýÆ?
Event: 0.180 Thread 0x00000000029bd800 Exception <a 'java/lang/NoSuchMethodError': Method sun.misc.Unsafe.prefetchRead(Ljava/lang/Object;J)V name or signature does not match> (0x00000000eab0d608) thrown at [C:\re\workspace\8-2-build-windows-amd64-cygwin\jdk8u45\3457\hotspot\src\share\vm\prims\jF¤öú!@
Event: 8.541 Thread 0x0000000016c4d000 Implicit null exception at 0x0000000002e0908c to 0x0000000002e0bff1
Event: 19.721 Thread 0x00000000029bd800 Exception <a 'java/lang/ArrayIndexOutOfBoundsException': 18> (0x00000000eb715c30) thrown at [C:\re\workspace\8-2-build-windows-amd64-cygwin\jdk8u45\3457\hotspot\src\share\vm\interpreter\interpreterRuntime.cpp, line 366]
Event: 19.723 Thread 0x00000000029bd800 Exception <a 'java/lang/ArrayIndexOutOfBoundsException'> (0x00000000eb717700) thrown at [C:\re\workspace\8-2-build-windows-amd64-cygwin\jdk8u45\3457\hotspot\src\share\vm\runtime\sharedRuntime.cpp, line 605]
Event: 19.725 Thread 0x00000000029bd800 Exception <a 'java/lang/ArrayIndexOutOfBoundsException'> (0x00000000eb718938) thrown at [C:\re\workspace\8-2-build-windows-amd64-cygwin\jdk8u45\3457\hotspot\src\share\vm\runtime\sharedRuntime.cpp, line 605]

Events (10 events):
Event: 26.077 Thread 0x0000000016c51800 Uncommon trap: trap_request=0xffffffde fr.pc=0x0000000003378238
Event: 26.077 Thread 0x0000000016c51800 DEOPT PACKING pc=0x0000000003378238 sp=0x00000000174eeb70
Event: 26.077 Thread 0x0000000016c51800 DEOPT UNPACKING pc=0x0000000002b1582a sp=0x00000000174eea88 mode 2
Event: 26.088 Thread 0x0000000016c51800 Uncommon trap: trap_request=0xffffffde fr.pc=0x0000000003378238
Event: 26.088 Thread 0x0000000016c51800 DEOPT PACKING pc=0x0000000003378238 sp=0x00000000174eeac0
Event: 26.088 Thread 0x0000000016c51800 DEOPT UNPACKING pc=0x0000000002b1582a sp=0x00000000174ee9d8 mode 2
Event: 26.091 Thread 0x0000000016c51000 DEOPT PACKING pc=0x0000000002f98d6f sp=0x00000000173ee900
Event: 26.091 Thread 0x0000000016c51000 DEOPT UNPACKING pc=0x0000000002b1747f sp=0x00000000173ee6e8 mode 0
Event: 26.102 Thread 0x0000000016c51000 DEOPT PACKING pc=0x0000000002eae028 sp=0x00000000173ee860
Event: 26.102 Thread 0x0000000016c51000 DEOPT UNPACKING pc=0x0000000002b1747f sp=0x00000000173ee690 mode 0


Dynamic libraries:
0x00007ff62c8e0000 - 0x00007ff62c917000 	C:\Program Files\Java\jdk1.8.0_45\bin\java.exe
0x00007ffcf54f0000 - 0x00007ffcf56c1000 	C:\WINDOWS\SYSTEM32\ntdll.dll
0x00007ffcf37b0000 - 0x00007ffcf385b000 	C:\WINDOWS\System32\KERNEL32.DLL
0x00007ffcf2810000 - 0x00007ffcf2a2d000 	C:\WINDOWS\System32\KERNELBASE.dll
0x00007ffceff00000 - 0x00007ffceff7a000 	C:\WINDOWS\system32\apphelp.dll
0x00007ffcf2a80000 - 0x00007ffcf2b22000 	C:\WINDOWS\System32\ADVAPI32.dll
0x00007ffcf2f80000 - 0x00007ffcf301e000 	C:\WINDOWS\System32\msvcrt.dll
0x00007ffcf3750000 - 0x00007ffcf37a9000 	C:\WINDOWS\System32\sechost.dll
0x00007ffcf5360000 - 0x00007ffcf5481000 	C:\WINDOWS\System32\RPCRT4.dll
0x00007ffcf5140000 - 0x00007ffcf52a5000 	C:\WINDOWS\System32\USER32.dll
0x00007ffcf1eb0000 - 0x00007ffcf1ece000 	C:\WINDOWS\System32\win32u.dll
0x00007ffcf52b0000 - 0x00007ffcf52e4000 	C:\WINDOWS\System32\GDI32.dll
0x00007ffcf1d20000 - 0x00007ffcf1ea2000 	C:\WINDOWS\System32\gdi32full.dll
0x00007ffce0360000 - 0x00007ffce05d9000 	C:\WINDOWS\WinSxS\amd64_microsoft.windows.common-controls_6595b64144ccf1df_6.0.14393.447_none_42191651c6827bb3\COMCTL32.dll
0x00007ffcf4e10000 - 0x00007ffcf50d7000 	C:\WINDOWS\System32\combase.dll
0x00007ffcf19e0000 - 0x00007ffcf1ad5000 	C:\WINDOWS\System32\ucrtbase.dll
0x00007ffcf1ae0000 - 0x00007ffcf1b4a000 	C:\WINDOWS\System32\bcryptPrimitives.dll
0x00007ffcf3860000 - 0x00007ffcf388e000 	C:\WINDOWS\System32\IMM32.DLL
0x0000000050cc0000 - 0x0000000050d92000 	C:\Program Files\Java\jdk1.8.0_45\jre\bin\msvcr100.dll
0x0000000077770000 - 0x0000000077ff3000 	C:\Program Files\Java\jdk1.8.0_45\jre\bin\server\jvm.dll
0x00007ffcf2b30000 - 0x00007ffcf2b38000 	C:\WINDOWS\System32\PSAPI.DLL
0x00007ffcdeb20000 - 0x00007ffcdeb29000 	C:\WINDOWS\SYSTEM32\WSOCK32.dll
0x00007ffcf3890000 - 0x00007ffcf38fa000 	C:\WINDOWS\System32\WS2_32.dll
0x00007ffcee5f0000 - 0x00007ffcee5fa000 	C:\WINDOWS\SYSTEM32\VERSION.dll
0x00007ffcef6a0000 - 0x00007ffcef6c3000 	C:\WINDOWS\SYSTEM32\WINMM.dll
0x00007ffcef640000 - 0x00007ffcef66b000 	C:\WINDOWS\SYSTEM32\WINMMBASE.dll
0x00007ffcf2a30000 - 0x00007ffcf2a72000 	C:\WINDOWS\System32\cfgmgr32.dll
0x0000000050c80000 - 0x0000000050c8f000 	C:\Program Files\Java\jdk1.8.0_45\jre\bin\verify.dll
0x0000000050c50000 - 0x0000000050c79000 	C:\Program Files\Java\jdk1.8.0_45\jre\bin\java.dll
0x0000000050c30000 - 0x0000000050c46000 	C:\Program Files\Java\jdk1.8.0_45\jre\bin\zip.dll
0x00007ffcf3900000 - 0x00007ffcf4e09000 	C:\WINDOWS\System32\SHELL32.dll
0x00007ffcf1ed0000 - 0x00007ffcf25aa000 	C:\WINDOWS\System32\windows.storage.dll
0x00007ffcf1980000 - 0x00007ffcf19cc000 	C:\WINDOWS\System32\powrprof.dll
0x00007ffcf3410000 - 0x00007ffcf3462000 	C:\WINDOWS\System32\shlwapi.dll
0x00007ffcf1970000 - 0x00007ffcf197f000 	C:\WINDOWS\System32\kernel.appcore.dll
0x00007ffcf2760000 - 0x00007ffcf2809000 	C:\WINDOWS\System32\shcore.dll
0x00007ffcf1950000 - 0x00007ffcf1964000 	C:\WINDOWS\System32\profapi.dll
0x00007ffcdcae0000 - 0x00007ffcdcc72000 	C:\WINDOWS\SYSTEM32\dbghelp.dll

VM Arguments:
jvm_args: -Djava.awt.headless=true -Xmx1024M -Dfile.encoding=windows-1252 -Duser.country=US -Duser.language=en -Duser.variant 
java_command: com.android.dx.command.Main --dex --force-jumbo --num-threads=4 --output C:\Users\USER PC\AndroidStudioProjects\RoadTracker1\app\build\intermediates\pre-dexed\debug\com.android.support-appcompat-v7-23.2.1_babb4d5570347add2d4cc6557c950bd624c9fede.jar C:\Users\USER PC\AndroidStudioProjects\RoadTracker1\app\build\intermediates\exploded-aar\com.android.support\appcompat-v7\23.2.1\jars\classes.jar
java_class_path (initial): G:\Android-sdk\build-tools\24.0.0-preview\lib\dx.jar
Launcher Type: SUN_STANDARD

Environment Variables:
PATH=F:\Sql\product\12.1.0\dbhome_1\bin;C:\ProgramData\Oracle\Java\javapath;C:\WINDOWS\system32;C:\WINDOWS;C:\WINDOWS\System32\Wbem;C:\WINDOWS\System32\WindowsPowerShell\v1.0\;C:\Program Files\Lenovo\Bluetooth Software\;C:\Program Files\Lenovo\Bluetooth Software\syswow64;C:\Python27;C:\Program Files\Git\cmd;C:\Program Files (x86)\Bitvise SSH Client;C:\Program Files\TortoiseSVN\bin;C:\Users\USER PC\AppData\Local\Microsoft\WindowsApps;C:\Program Files (x86)\Nmap
USERNAME=USER PC
OS=Windows_NT
PROCESSOR_IDENTIFIER=Intel64 Family 6 Model 55 Stepping 8, GenuineIntel



---------------  S Y S T E M  ---------------

OS: Windows 10.0 , 64 bit Build 14393 (10.0.14393.0)

CPU:total 4 (4 cores per cpu, 1 threads per core) family 6 model 55 stepping 8, cmov, cx8, fxsr, mmx, sse, sse2, sse3, ssse3, sse4.1, sse4.2, popcnt, clmul, erms, 3dnowpref, tsc, tscinvbit

Memory: 4k page, physical 4077936k(351272k free), swap 16660848k(9164k free)

vm_info: Java HotSpot(TM) 64-Bit Server VM (25.45-b02) for windows-amd64 JRE (1.8.0_45-b14), built on Apr 10 2015 10:34:15 by "java_re" with MS VC++ 10.0 (VS2010)

time: Mon Dec 05 12:17:50 2016
elapsed time: 26 seconds (0d 0h 0m 26s)

