#
# There is insufficient memory for the Java Runtime Environment to continue.
# Native memory allocation (malloc) failed to allocate 1566224 bytes for Chunk::new
# Possible reasons:
#   The system is out of physical RAM or swap space
#   In 32 bit mode, the process size limit was hit
# Possible solutions:
#   Reduce memory load on the system
#   Increase physical memory or swap space
#   Check if swap backing store is full
#   Use 64 bit Java on a 64 bit OS
#   Decrease Java heap size (-Xmx/-Xms)
#   Decrease number of Java threads
#   Decrease Java thread stack sizes (-Xss)
#   Set larger code cache with -XX:ReservedCodeCacheSize=
# This output file may be truncated or incomplete.
#
#  Out of Memory Error (allocation.cpp:390), pid=3312, tid=7304
#
# JRE version: Java(TM) SE Runtime Environment (8.0_45-b14) (build 1.8.0_45-b14)
# Java VM: Java HotSpot(TM) 64-Bit Server VM (25.45-b02 mixed mode windows-amd64 compressed oops)
# Failed to write core dump. Minidumps are not enabled by default on client versions of Windows
#

---------------  T H R E A D  ---------------

Current thread (0x00000000153e8800):  JavaThread "C2 CompilerThread0" daemon [_thread_in_native, id=7304, stack(0x0000000016930000,0x0000000016a30000)]

Stack: [0x0000000016930000,0x0000000016a30000]
Native frames: (J=compiled Java code, j=interpreted, Vv=VM code, C=native code)
V  [jvm.dll+0x32b57a]
V  [jvm.dll+0x279873]
V  [jvm.dll+0x27a509]
V  [jvm.dll+0x271825]
V  [jvm.dll+0xcb9e2]
V  [jvm.dll+0xcbeac]
V  [jvm.dll+0x4929e7]
V  [jvm.dll+0x45f6ff]
V  [jvm.dll+0x46a73b]
V  [jvm.dll+0x46cd52]
V  [jvm.dll+0x4500f2]
V  [jvm.dll+0xa4352]
V  [jvm.dll+0xa4c8f]
V  [jvm.dll+0x241984]
V  [jvm.dll+0x29853a]
C  [msvcr100.dll+0x21d9f]
C  [msvcr100.dll+0x21e3b]
C  [KERNEL32.DLL+0x8364]
C  [ntdll.dll+0x65e91]


Current CompileTask:
C2:  28232 2179   !   4       com.android.dx.cf.code.Ropper::processBlock (1101 bytes)


---------------  P R O C E S S  ---------------

Java Threads: ( => current thread )
  0x0000000017238800 JavaThread "pool-1-thread-4" [_thread_blocked, id=2224, stack(0x0000000017e30000,0x0000000017f30000)]
  0x0000000017233000 JavaThread "pool-1-thread-3" [_thread_blocked, id=6040, stack(0x0000000017d30000,0x0000000017e30000)]
  0x0000000017234000 JavaThread "pool-1-thread-2" [_thread_in_Java, id=7176, stack(0x0000000017c30000,0x0000000017d30000)]
  0x0000000016f56800 JavaThread "pool-2-thread-1" [_thread_blocked, id=9984, stack(0x0000000017b30000,0x0000000017c30000)]
  0x0000000016f54000 JavaThread "pool-1-thread-1" [_thread_in_Java, id=10464, stack(0x0000000017a30000,0x0000000017b30000)]
  0x0000000016c59000 JavaThread "Service Thread" daemon [_thread_blocked, id=6928, stack(0x0000000017030000,0x0000000017130000)]
  0x00000000153e4000 JavaThread "C1 CompilerThread2" daemon [_thread_blocked, id=8040, stack(0x0000000016b30000,0x0000000016c30000)]
  0x00000000153de000 JavaThread "C2 CompilerThread1" daemon [_thread_in_native, id=7156, stack(0x0000000016a30000,0x0000000016b30000)]
=>0x00000000153e8800 JavaThread "C2 CompilerThread0" daemon [_thread_in_native, id=7304, stack(0x0000000016930000,0x0000000016a30000)]
  0x00000000153e7000 JavaThread "Attach Listener" daemon [_thread_blocked, id=9848, stack(0x0000000016830000,0x0000000016930000)]
  0x00000000153e5800 JavaThread "Signal Dispatcher" daemon [_thread_blocked, id=7520, stack(0x0000000016730000,0x0000000016830000)]
  0x0000000002d05800 JavaThread "Finalizer" daemon [_thread_blocked, id=4140, stack(0x0000000016630000,0x0000000016730000)]
  0x0000000002cfd000 JavaThread "Reference Handler" daemon [_thread_blocked, id=10932, stack(0x0000000016530000,0x0000000016630000)]
  0x0000000002c0d800 JavaThread "main" [_thread_blocked, id=8668, stack(0x0000000002a70000,0x0000000002b70000)]

Other Threads:
  0x00000000153a7000 VMThread [stack: 0x0000000016430000,0x0000000016530000] [id=7996]
  0x000000001543d800 WatcherThread [stack: 0x0000000017130000,0x0000000017230000] [id=2752]

VM state:not at safepoint (normal execution)

VM Mutex/Monitor currently owned by a thread: None

Heap:
 PSYoungGen      total 90624K, used 10983K [0x00000000eab00000, 0x00000000f4100000, 0x0000000100000000)
  eden space 74752K, 6% used [0x00000000eab00000,0x00000000eafa0da8,0x00000000ef400000)
  from space 15872K, 39% used [0x00000000ef400000,0x00000000efa19018,0x00000000f0380000)
  to   space 16896K, 0% used [0x00000000f3080000,0x00000000f3080000,0x00000000f4100000)
 ParOldGen       total 44544K, used 44444K [0x00000000c0000000, 0x00000000c2b80000, 0x00000000eab00000)
  object space 44544K, 99% used [0x00000000c0000000,0x00000000c2b67000,0x00000000c2b80000)
 Metaspace       used 6455K, capacity 7256K, committed 7424K, reserved 1056768K
  class space    used 615K, capacity 656K, committed 768K, reserved 1048576K

Card table byte_map: [0x00000000120d0000,0x00000000122e0000] byte_map_base: 0x0000000011ad0000

Marking Bits: (ParMarkBitMap*) 0x0000000077f74040
 Begin Bits: [0x0000000012840000, 0x0000000013840000)
 End Bits:   [0x0000000013840000, 0x0000000014840000)

Polling page: 0x00000000029e0000

CodeCache: size=245760Kb used=10247Kb max_used=10247Kb free=235512Kb
 bounds [0x0000000002d10000, 0x0000000003730000, 0x0000000011d10000]
 total_blobs=2382 nmethods=2113 adapters=182
 compilation: enabled

Compilation events (10 events):
Event: 27.742 Thread 0x00000000153de000 nmethod 2225 0x00000000036d2010 code [0x00000000036d2160, 0x00000000036d2258]
Event: 27.742 Thread 0x00000000153de000 2229       4       com.android.dx.util.IntList::shrink (42 bytes)
Event: 27.743 Thread 0x00000000153de000 nmethod 2229 0x0000000002e59690 code [0x0000000002e597c0, 0x0000000002e59878]
Event: 27.743 Thread 0x00000000153de000 2215       4       com.android.dx.rop.code.RegisterSpec::getBasicFrameType (10 bytes)
Event: 27.744 Thread 0x00000000153de000 nmethod 2215 0x0000000002e92ad0 code [0x0000000002e92c00, 0x0000000002e92c78]
Event: 27.744 Thread 0x00000000153de000 2218       4       com.android.dx.cf.code.ExecutionStack::copy (59 bytes)
Event: 27.754 Thread 0x00000000153de000 nmethod 2218 0x0000000002e76d90 code [0x0000000002e76f00, 0x0000000002e77338]
Event: 27.754 Thread 0x00000000153de000 2235       4       com.android.dx.cf.code.Ropper::mergeAndWorkAsNecessary (102 bytes)
Event: 27.922 Thread 0x00000000153de000 nmethod 2235 0x000000000371a810 code [0x000000000371ab40, 0x000000000371d2b8]
Event: 27.923 Thread 0x00000000153de000 2208       4       com.android.dx.cf.direct.StdAttributeFactory::parse0 (532 bytes)

GC Heap History (10 events):
Event: 12.544 GC heap before
{Heap before GC invocations=8 (full 0):
 PSYoungGen      total 35328K, used 29822K [0x00000000eab00000, 0x00000000eee00000, 0x0000000100000000)
  eden space 24064K, 100% used [0x00000000eab00000,0x00000000ec280000,0x00000000ec280000)
  from space 11264K, 51% used [0x00000000ec280000,0x00000000ec81fa70,0x00000000ecd80000)
  to   space 10240K, 0% used [0x00000000ee400000,0x00000000ee400000,0x00000000eee00000)
 ParOldGen       total 44032K, used 20177K [0x00000000c0000000, 0x00000000c2b00000, 0x00000000eab00000)
  object space 44032K, 45% used [0x00000000c0000000,0x00000000c13b47c8,0x00000000c2b00000)
 Metaspace       used 6261K, capacity 7152K, committed 7296K, reserved 1056768K
  class space    used 594K, capacity 616K, committed 640K, reserved 1048576K
Event: 12.614 GC heap after
Heap after GC invocations=8 (full 0):
 PSYoungGen      total 57344K, used 8512K [0x00000000eab00000, 0x00000000ef000000, 0x0000000100000000)
  eden space 47104K, 0% used [0x00000000eab00000,0x00000000eab00000,0x00000000ed900000)
  from space 10240K, 83% used [0x00000000ee400000,0x00000000eec50010,0x00000000eee00000)
  to   space 11264K, 0% used [0x00000000ed900000,0x00000000ed900000,0x00000000ee400000)
 ParOldGen       total 44032K, used 20823K [0x00000000c0000000, 0x00000000c2b00000, 0x00000000eab00000)
  object space 44032K, 47% used [0x00000000c0000000,0x00000000c1455e38,0x00000000c2b00000)
 Metaspace       used 6261K, capacity 7152K, committed 7296K, reserved 1056768K
  class space    used 594K, capacity 616K, committed 640K, reserved 1048576K
}
Event: 13.439 GC heap before
{Heap before GC invocations=9 (full 0):
 PSYoungGen      total 57344K, used 55616K [0x00000000eab00000, 0x00000000ef000000, 0x0000000100000000)
  eden space 47104K, 100% used [0x00000000eab00000,0x00000000ed900000,0x00000000ed900000)
  from space 10240K, 83% used [0x00000000ee400000,0x00000000eec50010,0x00000000eee00000)
  to   space 11264K, 0% used [0x00000000ed900000,0x00000000ed900000,0x00000000ee400000)
 ParOldGen       total 44032K, used 20823K [0x00000000c0000000, 0x00000000c2b00000, 0x00000000eab00000)
  object space 44032K, 47% used [0x00000000c0000000,0x00000000c1455e38,0x00000000c2b00000)
 Metaspace       used 6315K, capacity 7216K, committed 7296K, reserved 1056768K
  class space    used 594K, capacity 616K, committed 640K, reserved 1048576K
Event: 13.527 GC heap after
Heap after GC invocations=9 (full 0):
 PSYoungGen      total 58368K, used 11248K [0x00000000eab00000, 0x00000000f1200000, 0x0000000100000000)
  eden space 47104K, 0% used [0x00000000eab00000,0x00000000eab00000,0x00000000ed900000)
  from space 11264K, 99% used [0x00000000ed900000,0x00000000ee3fc030,0x00000000ee400000)
  to   space 14848K, 0% used [0x00000000f0380000,0x00000000f0380000,0x00000000f1200000)
 ParOldGen       total 44032K, used 26176K [0x00000000c0000000, 0x00000000c2b00000, 0x00000000eab00000)
  object space 44032K, 59% used [0x00000000c0000000,0x00000000c1990360,0x00000000c2b00000)
 Metaspace       used 6315K, capacity 7216K, committed 7296K, reserved 1056768K
  class space    used 594K, capacity 616K, committed 640K, reserved 1048576K
}
Event: 14.409 GC heap before
{Heap before GC invocations=10 (full 0):
 PSYoungGen      total 58368K, used 58352K [0x00000000eab00000, 0x00000000f1200000, 0x0000000100000000)
  eden space 47104K, 100% used [0x00000000eab00000,0x00000000ed900000,0x00000000ed900000)
  from space 11264K, 99% used [0x00000000ed900000,0x00000000ee3fc030,0x00000000ee400000)
  to   space 14848K, 0% used [0x00000000f0380000,0x00000000f0380000,0x00000000f1200000)
 ParOldGen       total 44032K, used 26176K [0x00000000c0000000, 0x00000000c2b00000, 0x00000000eab00000)
  object space 44032K, 59% used [0x00000000c0000000,0x00000000c1990360,0x00000000c2b00000)
 Metaspace       used 6343K, capacity 7216K, committed 7296K, reserved 1056768K
  class space    used 594K, capacity 616K, committed 640K, reserved 1048576K
Event: 14.781 GC heap after
Heap after GC invocations=10 (full 0):
 PSYoungGen      total 89600K, used 11829K [0x00000000eab00000, 0x00000000f1400000, 0x0000000100000000)
  eden space 74752K, 0% used [0x00000000eab00000,0x00000000eab00000,0x00000000ef400000)
  from space 14848K, 79% used [0x00000000f0380000,0x00000000f0f0d5f0,0x00000000f1200000)
  to   space 15872K, 0% used [0x00000000ef400000,0x00000000ef400000,0x00000000f0380000)
 ParOldGen       total 44032K, used 32756K [0x00000000c0000000, 0x00000000c2b00000, 0x00000000eab00000)
  object space 44032K, 74% used [0x00000000c0000000,0x00000000c1ffd0a8,0x00000000c2b00000)
 Metaspace       used 6343K, capacity 7216K, committed 7296K, reserved 1056768K
  class space    used 594K, capacity 616K, committed 640K, reserved 1048576K
}
Event: 21.908 GC heap before
{Heap before GC invocations=11 (full 0):
 PSYoungGen      total 89600K, used 86581K [0x00000000eab00000, 0x00000000f1400000, 0x0000000100000000)
  eden space 74752K, 100% used [0x00000000eab00000,0x00000000ef400000,0x00000000ef400000)
  from space 14848K, 79% used [0x00000000f0380000,0x00000000f0f0d5f0,0x00000000f1200000)
  to   space 15872K, 0% used [0x00000000ef400000,0x00000000ef400000,0x00000000f0380000)
 ParOldGen       total 44032K, used 32756K [0x00000000c0000000, 0x00000000c2b00000, 0x00000000eab00000)
  object space 44032K, 74% used [0x00000000c0000000,0x00000000c1ffd0a8,0x00000000c2b00000)
 Metaspace       used 6455K, capacity 7256K, committed 7424K, reserved 1056768K
  class space    used 615K, capacity 656K, committed 768K, reserved 1048576K
Event: 22.337 GC heap after
Heap after GC invocations=11 (full 0):
 PSYoungGen      total 90624K, used 11999K [0x00000000eab00000, 0x00000000f4100000, 0x0000000100000000)
  eden space 74752K, 0% used [0x00000000eab00000,0x00000000eab00000,0x00000000ef400000)
  from space 15872K, 75% used [0x00000000ef400000,0x00000000effb7c18,0x00000000f0380000)
  to   space 16896K, 0% used [0x00000000f3080000,0x00000000f3080000,0x00000000f4100000)
 ParOldGen       total 44544K, used 44183K [0x00000000c0000000, 0x00000000c2b80000, 0x00000000eab00000)
  object space 44544K, 99% used [0x00000000c0000000,0x00000000c2b25eb8,0x00000000c2b80000)
 Metaspace       used 6455K, capacity 7256K, committed 7424K, reserved 1056768K
  class space    used 615K, capacity 656K, committed 768K, reserved 1048576K
}
Event: 22.337 GC heap before
{Heap before GC invocations=12 (full 1):
 PSYoungGen      total 90624K, used 11999K [0x00000000eab00000, 0x00000000f4100000, 0x0000000100000000)
  eden space 74752K, 0% used [0x00000000eab00000,0x00000000eab00000,0x00000000ef400000)
  from space 15872K, 75% used [0x00000000ef400000,0x00000000effb7c18,0x00000000f0380000)
  to   space 16896K, 0% used [0x00000000f3080000,0x00000000f3080000,0x00000000f4100000)
 ParOldGen       total 44544K, used 44183K [0x00000000c0000000, 0x00000000c2b80000, 0x00000000eab00000)
  object space 44544K, 99% used [0x00000000c0000000,0x00000000c2b25eb8,0x00000000c2b80000)
 Metaspace       used 6455K, capacity 7256K, committed 7424K, reserved 1056768K
  class space    used 615K, capacity 656K, committed 768K, reserved 1048576K
Event: 27.592 GC heap after
Heap after GC invocations=12 (full 1):
 PSYoungGen      total 90624K, used 6244K [0x00000000eab00000, 0x00000000f4100000, 0x0000000100000000)
  eden space 74752K, 0% used [0x00000000eab00000,0x00000000eab00000,0x00000000ef400000)
  from space 15872K, 39% used [0x00000000ef400000,0x00000000efa19018,0x00000000f0380000)
  to   space 16896K, 0% used [0x00000000f3080000,0x00000000f3080000,0x00000000f4100000)
 ParOldGen       total 44544K, used 44444K [0x00000000c0000000, 0x00000000c2b80000, 0x00000000eab00000)
  object space 44544K, 99% used [0x00000000c0000000,0x00000000c2b67000,0x00000000c2b80000)
 Metaspace       used 6455K, capacity 7256K, committed 7424K, reserved 1056768K
  class space    used 615K, capacity 656K, committed 768K, reserved 1048576K
}

Deoptimization events (10 events):
Event: 15.916 Thread 0x0000000017234000 Uncommon trap: reason=unstable_if action=reinterpret pc=0x0000000003435344 method=java.util.HashMap.getNode(ILjava/lang/Object;)Ljava/util/HashMap$Node; @ 84
Event: 15.947 Thread 0x0000000002c0d800 Uncommon trap: reason=unstable_if action=reinterpret pc=0x0000000003416bd8 method=com.android.dx.ssa.MoveParamCombiner$1.visitNonMoveInsn(Lcom/android/dx/ssa/NormalSsaInsn;)V @ 27
Event: 17.587 Thread 0x0000000017234000 Uncommon trap: reason=bimorphic action=maybe_recompile pc=0x00000000032ad5a8 method=com.android.dx.ssa.LiteralOpUpgrader.tryReplacingWithConstant(Lcom/android/dx/ssa/NormalSsaInsn;)Z @ 62
Event: 17.587 Thread 0x0000000017234000 Uncommon trap: reason=unstable_if action=reinterpret pc=0x00000000034d6ba4 method=com.android.dx.ssa.LiteralOpUpgrader$1.visitNonMoveInsn(Lcom/android/dx/ssa/NormalSsaInsn;)V @ 24
Event: 17.594 Thread 0x0000000017234000 Uncommon trap: reason=bimorphic action=maybe_recompile pc=0x00000000032ad5a8 method=com.android.dx.ssa.LiteralOpUpgrader.tryReplacingWithConstant(Lcom/android/dx/ssa/NormalSsaInsn;)Z @ 62
Event: 18.492 Thread 0x0000000016f54000 Uncommon trap: reason=class_check action=maybe_recompile pc=0x000000000367e0c4 method=com.android.dx.cf.code.BytecodeArray.parseInstruction(ILcom/android/dx/cf/code/BytecodeArray$Visitor;)I @ 1807
Event: 18.492 Thread 0x0000000016f54000 Uncommon trap: reason=class_check action=maybe_recompile pc=0x000000000367e0c4 method=com.android.dx.cf.code.BytecodeArray.parseInstruction(ILcom/android/dx/cf/code/BytecodeArray$Visitor;)I @ 1807
Event: 18.492 Thread 0x0000000016f54000 Uncommon trap: reason=class_check action=maybe_recompile pc=0x000000000367e0c4 method=com.android.dx.cf.code.BytecodeArray.parseInstruction(ILcom/android/dx/cf/code/BytecodeArray$Visitor;)I @ 1807
Event: 18.492 Thread 0x0000000016f54000 Uncommon trap: reason=class_check action=maybe_recompile pc=0x000000000367e0c4 method=com.android.dx.cf.code.BytecodeArray.parseInstruction(ILcom/android/dx/cf/code/BytecodeArray$Visitor;)I @ 1807
Event: 19.647 Thread 0x0000000017234000 Uncommon trap: reason=unstable_if action=reinterpret pc=0x0000000003677cb8 method=java.util.HashMap.putVal(ILjava/lang/Object;Ljava/lang/Object;ZZ)Ljava/lang/Object; @ 109

Internal exceptions (7 events):
Event: 0.111 Thread 0x0000000002c0d800 Exception <a 'java/lang/NoSuchMethodError': Method sun.misc.Unsafe.defineClass(Ljava/lang/String;[BII)Ljava/lang/Class; name or signature does not match> (0x00000000eab0d370) thrown at [C:\re\workspace\8-2-build-windows-amd64-cygwin\jdk8u45\3457\hotspot\sr|¾©áv¼?
Event: 0.111 Thread 0x0000000002c0d800 Exception <a 'java/lang/NoSuchMethodError': Method sun.misc.Unsafe.prefetchRead(Ljava/lang/Object;J)V name or signature does not match> (0x00000000eab0d600) thrown at [C:\re\workspace\8-2-build-windows-amd64-cygwin\jdk8u45\3457\hotspot\src\share\vm\prims\j€¹zíVZ@
Event: 4.088 Thread 0x0000000017234000 Implicit null exception at 0x00000000030a3722 to 0x00000000030a3821
Event: 13.396 Thread 0x0000000017234000 Implicit null exception at 0x00000000032eb9be to 0x00000000032ecaf9
Event: 14.855 Thread 0x0000000016f54000 Exception <a 'java/lang/ArrayIndexOutOfBoundsException': 18> (0x00000000eb157cd8) thrown at [C:\re\workspace\8-2-build-windows-amd64-cygwin\jdk8u45\3457\hotspot\src\share\vm\interpreter\interpreterRuntime.cpp, line 366]
Event: 14.856 Thread 0x0000000016f54000 Exception <a 'java/lang/ArrayIndexOutOfBoundsException': 145> (0x00000000eb1597a8) thrown at [C:\re\workspace\8-2-build-windows-amd64-cygwin\jdk8u45\3457\hotspot\src\share\vm\interpreter\interpreterRuntime.cpp, line 366]
Event: 14.858 Thread 0x0000000016f54000 Exception <a 'java/lang/ArrayIndexOutOfBoundsException'> (0x00000000eb15a9e0) thrown at [C:\re\workspace\8-2-build-windows-amd64-cygwin\jdk8u45\3457\hotspot\src\share\vm\runtime\sharedRuntime.cpp, line 605]

Events (10 events):
Event: 19.649 Thread 0x00000000153e4000 flushing nmethod 0x0000000002e930d0
Event: 19.649 Thread 0x00000000153e4000 flushing nmethod 0x0000000002e94ed0
Event: 19.724 Thread 0x0000000016f54000 DEOPT PACKING pc=0x000000000308d2bd sp=0x0000000017b2e530
Event: 19.724 Thread 0x0000000016f54000 DEOPT UNPACKING pc=0x0000000002d5747f sp=0x0000000017b2e2d0 mode 0
Event: 20.635 Thread 0x0000000002c0d800 DEOPT PACKING pc=0x00000000031ab605 sp=0x0000000002b6e2c0
Event: 20.635 Thread 0x0000000002c0d800 DEOPT UNPACKING pc=0x0000000002d5747f sp=0x0000000002b6e100 mode 0
Event: 21.551 loading class com/android/dx/cf/iface/ParseObserver
Event: 21.551 loading class com/android/dx/cf/iface/ParseObserver done
Event: 21.906 Executing VM operation: ParallelGCFailedAllocation
Event: 27.593 Executing VM operation: ParallelGCFailedAllocation done


Dynamic libraries:
0x00007ff62c8e0000 - 0x00007ff62c917000 	C:\Program Files\Java\jdk1.8.0_45\bin\java.exe
0x00007ffcf54f0000 - 0x00007ffcf56c1000 	C:\WINDOWS\SYSTEM32\ntdll.dll
0x00007ffcf37b0000 - 0x00007ffcf385b000 	C:\WINDOWS\System32\KERNEL32.DLL
0x00007ffcf2810000 - 0x00007ffcf2a2d000 	C:\WINDOWS\System32\KERNELBASE.dll
0x00007ffceff00000 - 0x00007ffceff7a000 	C:\WINDOWS\system32\apphelp.dll
0x00007ffcf2a80000 - 0x00007ffcf2b22000 	C:\WINDOWS\System32\ADVAPI32.dll
0x00007ffcf2f80000 - 0x00007ffcf301e000 	C:\WINDOWS\System32\msvcrt.dll
0x00007ffcf3750000 - 0x00007ffcf37a9000 	C:\WINDOWS\System32\sechost.dll
0x00007ffcf5360000 - 0x00007ffcf5481000 	C:\WINDOWS\System32\RPCRT4.dll
0x00007ffcf5140000 - 0x00007ffcf52a5000 	C:\WINDOWS\System32\USER32.dll
0x00007ffcf1eb0000 - 0x00007ffcf1ece000 	C:\WINDOWS\System32\win32u.dll
0x00007ffcf52b0000 - 0x00007ffcf52e4000 	C:\WINDOWS\System32\GDI32.dll
0x00007ffcf1d20000 - 0x00007ffcf1ea2000 	C:\WINDOWS\System32\gdi32full.dll
0x00007ffce0360000 - 0x00007ffce05d9000 	C:\WINDOWS\WinSxS\amd64_microsoft.windows.common-controls_6595b64144ccf1df_6.0.14393.447_none_42191651c6827bb3\COMCTL32.dll
0x00007ffcf4e10000 - 0x00007ffcf50d7000 	C:\WINDOWS\System32\combase.dll
0x00007ffcf19e0000 - 0x00007ffcf1ad5000 	C:\WINDOWS\System32\ucrtbase.dll
0x00007ffcf1ae0000 - 0x00007ffcf1b4a000 	C:\WINDOWS\System32\bcryptPrimitives.dll
0x00007ffcf3860000 - 0x00007ffcf388e000 	C:\WINDOWS\System32\IMM32.DLL
0x0000000050cc0000 - 0x0000000050d92000 	C:\Program Files\Java\jdk1.8.0_45\jre\bin\msvcr100.dll
0x0000000077770000 - 0x0000000077ff3000 	C:\Program Files\Java\jdk1.8.0_45\jre\bin\server\jvm.dll
0x00007ffcf2b30000 - 0x00007ffcf2b38000 	C:\WINDOWS\System32\PSAPI.DLL
0x00007ffcdeb20000 - 0x00007ffcdeb29000 	C:\WINDOWS\SYSTEM32\WSOCK32.dll
0x00007ffcf3890000 - 0x00007ffcf38fa000 	C:\WINDOWS\System32\WS2_32.dll
0x00007ffcef6a0000 - 0x00007ffcef6c3000 	C:\WINDOWS\SYSTEM32\WINMM.dll
0x00007ffcee5f0000 - 0x00007ffcee5fa000 	C:\WINDOWS\SYSTEM32\VERSION.dll
0x00007ffcef640000 - 0x00007ffcef66b000 	C:\WINDOWS\SYSTEM32\WINMMBASE.dll
0x00007ffcf2a30000 - 0x00007ffcf2a72000 	C:\WINDOWS\System32\cfgmgr32.dll
0x0000000050c80000 - 0x0000000050c8f000 	C:\Program Files\Java\jdk1.8.0_45\jre\bin\verify.dll
0x0000000050c50000 - 0x0000000050c79000 	C:\Program Files\Java\jdk1.8.0_45\jre\bin\java.dll
0x0000000050c30000 - 0x0000000050c46000 	C:\Program Files\Java\jdk1.8.0_45\jre\bin\zip.dll
0x00007ffcf3900000 - 0x00007ffcf4e09000 	C:\WINDOWS\System32\SHELL32.dll
0x00007ffcf1ed0000 - 0x00007ffcf25aa000 	C:\WINDOWS\System32\windows.storage.dll
0x00007ffcf1980000 - 0x00007ffcf19cc000 	C:\WINDOWS\System32\powrprof.dll
0x00007ffcf3410000 - 0x00007ffcf3462000 	C:\WINDOWS\System32\shlwapi.dll
0x00007ffcf1970000 - 0x00007ffcf197f000 	C:\WINDOWS\System32\kernel.appcore.dll
0x00007ffcf2760000 - 0x00007ffcf2809000 	C:\WINDOWS\System32\shcore.dll
0x00007ffcf1950000 - 0x00007ffcf1964000 	C:\WINDOWS\System32\profapi.dll
0x00007ffcdcae0000 - 0x00007ffcdcc72000 	C:\WINDOWS\SYSTEM32\dbghelp.dll

VM Arguments:
jvm_args: -Djava.awt.headless=true -Xmx1024M -Dfile.encoding=windows-1252 -Duser.country=US -Duser.language=en -Duser.variant 
java_command: com.android.dx.command.Main --dex --force-jumbo --num-threads=4 --output C:\Users\USER PC\AndroidStudioProjects\RoadTracker1\app\build\intermediates\pre-dexed\debug\com.android.support-support-v4-23.3.0_9bae0acbb1499431480b4288ed7aeaf555d46c54.jar C:\Users\USER PC\AndroidStudioProjects\RoadTracker1\app\build\intermediates\exploded-aar\com.android.support\support-v4\23.3.0\jars\classes.jar
java_class_path (initial): G:\Android-sdk\build-tools\24.0.0-preview\lib\dx.jar
Launcher Type: SUN_STANDARD

Environment Variables:
PATH=F:\Sql\product\12.1.0\dbhome_1\bin;C:\ProgramData\Oracle\Java\javapath;C:\WINDOWS\system32;C:\WINDOWS;C:\WINDOWS\System32\Wbem;C:\WINDOWS\System32\WindowsPowerShell\v1.0\;C:\Program Files\Lenovo\Bluetooth Software\;C:\Program Files\Lenovo\Bluetooth Software\syswow64;C:\Python27;C:\Program Files\Git\cmd;C:\Program Files (x86)\Bitvise SSH Client;C:\Program Files\TortoiseSVN\bin;C:\Users\USER PC\AppData\Local\Microsoft\WindowsApps;C:\Program Files (x86)\Nmap
USERNAME=USER PC
OS=Windows_NT
PROCESSOR_IDENTIFIER=Intel64 Family 6 Model 55 Stepping 8, GenuineIntel



---------------  S Y S T E M  ---------------

OS: Windows 10.0 , 64 bit Build 14393 (10.0.14393.0)

CPU:total 4 (4 cores per cpu, 1 threads per core) family 6 model 55 stepping 8, cmov, cx8, fxsr, mmx, sse, sse2, sse3, ssse3, sse4.1, sse4.2, popcnt, clmul, erms, 3dnowpref, tsc, tscinvbit

Memory: 4k page, physical 4077936k(405648k free), swap 16660848k(5416k free)

vm_info: Java HotSpot(TM) 64-Bit Server VM (25.45-b02) for windows-amd64 JRE (1.8.0_45-b14), built on Apr 10 2015 10:34:15 by "java_re" with MS VC++ 10.0 (VS2010)

time: Mon Dec 05 12:18:42 2016
elapsed time: 28 seconds (0d 0h 0m 28s)

